#-----------------------------------------------------------
# xsim v2022.1 (64-bit)
# SW Build 3526262 on Mon Apr 18 15:47:01 MDT 2022
# IP Build 3524634 on Mon Apr 18 20:55:01 MDT 2022
# Start of session at: Tue Jan 14 02:08:59 2025
# Process ID: 206272
# Current directory: /home/ubuntu/soclab25/binary2bcd_double_dabble/xsim
# Command line: xsim -mode tcl -source {xsim.dir/testbench_elab/xsim_script.tcl}
# Log file: /home/ubuntu/soclab25/binary2bcd_double_dabble/xsim/xsim.log
# Journal file: /home/ubuntu/soclab25/binary2bcd_double_dabble/xsim/xsim.jou
# Running On: ubuntu2004, OS: Linux, CPU Frequency: 2803.196 MHz, CPU Physical cores: 2, Host memory: 10424 MB
#-----------------------------------------------------------
source xsim.dir/testbench_elab/xsim_script.tcl
# xsim {testbench_elab} -autoloadwcfg -runall
Time resolution is 1 ps
run -all
Congratulations!! The functionality of your binary2bcd is correct!!
$finish called at time : 5130 ns : File "/home/ubuntu/soclab25/binary2bcd_double_dabble/xsim/binary2bcd_double_dabble_tb.v" Line 93
exit
INFO: [Common 17-206] Exiting xsim at Tue Jan 14 02:09:02 2025...
