#-----------------------------------------------------------
# xsim v2022.1 (64-bit)
# SW Build 3526262 on Mon Apr 18 15:47:01 MDT 2022
# IP Build 3524634 on Mon Apr 18 20:55:01 MDT 2022
# Start of session at: Tue Jan  7 21:41:12 2025
# Process ID: 166620
# Current directory: /home/ubuntu/soclab25/uart_receiver/baud_rate/xsim
# Command line: xsim -mode tcl -source {xsim.dir/testbench_elab/xsim_script.tcl}
# Log file: /home/ubuntu/soclab25/uart_receiver/baud_rate/xsim/xsim.log
# Journal file: /home/ubuntu/soclab25/uart_receiver/baud_rate/xsim/xsim.jou
# Running On: ubuntu2004, OS: Linux, CPU Frequency: 2803.196 MHz, CPU Physical cores: 2, Host memory: 10424 MB
#-----------------------------------------------------------
source xsim.dir/testbench_elab/xsim_script.tcl
# xsim {testbench_elab} -autoloadwcfg -runall
Time resolution is 1 ps
run -all
Congratulations!! The functionality of your adder is correct!!
$finish called at time : 104190 ns : File "/home/ubuntu/soclab25/uart_receiver/baud_rate/xsim/baud_rate_generator_tb.v" Line 93
exit
INFO: [Common 17-206] Exiting xsim at Tue Jan  7 21:41:15 2025...
