#-----------------------------------------------------------
# xsim v2022.1 (64-bit)
# SW Build 3526262 on Mon Apr 18 15:47:01 MDT 2022
# IP Build 3524634 on Mon Apr 18 20:55:01 MDT 2022
# Start of session at: Wed Jan 15 02:28:44 2025
# Process ID: 217119
# Current directory: /home/ubuntu/soclab25/uart_transmitter/xsim
# Command line: xsim -mode tcl -source {xsim.dir/testbench_elab/xsim_script.tcl}
# Log file: /home/ubuntu/soclab25/uart_transmitter/xsim/xsim.log
# Journal file: /home/ubuntu/soclab25/uart_transmitter/xsim/xsim.jou
# Running On: ubuntu2004, OS: Linux, CPU Frequency: 2803.196 MHz, CPU Physical cores: 2, Host memory: 10424 MB
#-----------------------------------------------------------
source xsim.dir/testbench_elab/xsim_script.tcl
# xsim {testbench_elab} -autoloadwcfg -runall
Time resolution is 1 ps
run -all
Congratulations!! The functionality of your receiver is correct!!
$finish called at time : 563240 ns : File "/home/ubuntu/soclab25/uart_transmitter/xsim/uart_transmitter_tb.v" Line 123
exit
INFO: [Common 17-206] Exiting xsim at Wed Jan 15 02:28:47 2025...
